[debug] [2025-09-17T17:10:17.415Z] ----------------------------------------------------------------------
[debug] [2025-09-17T17:10:17.417Z] Command:       C:\Program Files\nodejs\node.exe C:\Users\mtembe01\AppData\Roaming\npm\node_modules\firebase-tools\lib\bin\firebase.js use --add
[debug] [2025-09-17T17:10:17.418Z] CLI Version:   14.15.2
[debug] [2025-09-17T17:10:17.418Z] Platform:      win32
[debug] [2025-09-17T17:10:17.418Z] Node Version:  v24.1.0
[debug] [2025-09-17T17:10:17.418Z] Time:          Wed Sep 17 2025 19:10:17 GMT+0200 (South Africa Standard Time)
[debug] [2025-09-17T17:10:17.418Z] ----------------------------------------------------------------------
[debug] 
[debug] [2025-09-17T17:10:17.604Z] > command requires scopes: ["email","openid","https://www.googleapis.com/auth/cloudplatformprojects.readonly","https://www.googleapis.com/auth/firebase","https://www.googleapis.com/auth/cloud-platform"]
[debug] [2025-09-17T17:10:17.604Z] > authorizing via signed-in user (mihlayonke.tembe@dentsu.com)
[debug] [2025-09-17T17:10:17.605Z] Checked if tokens are valid: false, expires at: 1758122429560
[debug] [2025-09-17T17:10:17.605Z] Checked if tokens are valid: false, expires at: 1758122429560
[debug] [2025-09-17T17:10:17.606Z] > refreshing access token with scopes: []
[debug] [2025-09-17T17:10:17.607Z] >>> [apiv2][query] POST https://www.googleapis.com/oauth2/v3/token [none]
[debug] [2025-09-17T17:10:17.607Z] >>> [apiv2][body] POST https://www.googleapis.com/oauth2/v3/token [omitted]
[debug] [2025-09-17T17:10:18.115Z] <<< [apiv2][status] POST https://www.googleapis.com/oauth2/v3/token 200
[debug] [2025-09-17T17:10:18.116Z] <<< [apiv2][body] POST https://www.googleapis.com/oauth2/v3/token [omitted]
[debug] [2025-09-17T17:10:18.140Z] >>> [apiv2][query] GET https://firebase.googleapis.com/v1beta1/projects pageSize=1000
[debug] [2025-09-17T17:10:18.959Z] <<< [apiv2][status] GET https://firebase.googleapis.com/v1beta1/projects 200
[debug] [2025-09-17T17:10:18.959Z] <<< [apiv2][body] GET https://firebase.googleapis.com/v1beta1/projects [omitted]
